<?xml version="1.0" encoding="UTF-8"?>
<TestRun id="78c9d3bf-562b-479b-acd7-518c9c83a738" name="Mehul@MEHUL-PC 2011-07-01 18:03:48" runUser="Mehul-PC\Mehul" xmlns="http://microsoft.com/schemas/VisualStudio/TeamTest/2010">
  <TestSettings name="Local" id="c24e055d-6e81-4da8-bf23-69164454661b">
    <Description>These are default test settings for a local test run.</Description>
    <Deployment enabled="false" runDeploymentRoot="Mehul_MEHUL-PC 2011-07-01 18_03_48">
      <DeploymentItem filename="D:\development\ZinOS\ZinOS_Prototype\ZinOS.Services\bin\Debug\ZinOS.Services.Definitions.dll" />
      <DeploymentItem filename="D:\development\ZinOS\ZinOS_Prototype\Ninject-2.2.0.0-release-net-4.0\Ninject.dll" />
      <DeploymentItem filename="D:\development\ZinOS\ZinOS_Prototype\ZinOS.Common\bin\Debug\ZinOS.Common.dll" />
      <DeploymentItem filename="D:\development\ZinOS\ZinOS_Prototype\ZinOS.Configuration\bin\Debug\ZinOS.Configuration.dll" />
      <DeploymentItem filename="D:\development\ZinOS\ZinOS_Prototype\ZinOS.Repositories.Definitions\bin\Debug\ZinOS.Repositories.Definitions.dll" />
      <DeploymentItem filename="D:\development\ZinOS\ZinOS_Prototype\ZinOS.Services.Implementation\bin\Debug\ZinOS.Services.Implementation.dll" />
      <DeploymentItem filename="D:\development\ZinOS\ZinOS_Prototype\ZinOS.Repositories.Implementation\bin\Debug\ZinOS.Repositories.Implementation.dll" />
    </Deployment>
    <Execution>
      <TestTypeSpecific />
      <AgentRule name="Execution Agents">
      </AgentRule>
    </Execution>
  </TestSettings>
  <Times creation="2011-07-01T18:03:48.7910978+01:00" queuing="2011-07-01T18:03:55.0124537+01:00" start="2011-07-01T18:03:55.7324949+01:00" finish="2011-07-01T18:05:21.2443859+01:00" />
  <ResultSummary outcome="Error">
    <Counters total="1" executed="1" error="0" failed="0" timeout="0" aborted="1" inconclusive="0" passedButRunAborted="0" notRunnable="0" notExecuted="0" disconnected="0" warning="0" passed="0" completed="0" inProgress="0" pending="0" />
    <RunInfos>
      <RunInfo computerName="MEHUL-PC" outcome="Error" timestamp="2011-07-01T18:05:21.2123840+01:00">
        <Text>Test host process exited unexpectedly.</Text>
      </RunInfo>
    </RunInfos>
  </ResultSummary>
  <TestDefinitions>
    <UnitTest name="GetRootDirectories" storage="d:\development\zinos\zinos_prototype\zinossercicestest\bin\debug\zinossercicestest.dll" id="dcdf7aff-19c6-1309-3ca5-1dbb0749a535">
      <Execution id="f8c88d97-76d1-4a6e-bb53-442b9ff1d102" />
      <TestMethod codeBase="D:/development/ZinOS/ZinOS_Prototype/ZinOsSercicesTest/bin/Debug/ZinOsSercicesTest.DLL" adapterTypeName="Microsoft.VisualStudio.TestTools.TestTypes.Unit.UnitTestAdapter, Microsoft.VisualStudio.QualityTools.Tips.UnitTest.Adapter, Version=10.0.0.0, Culture=neutral, PublicKeyToken=b03f5f7f11d50a3a" className="ZinOsSercicesTest.DesktopFileSystemTest, ZinOsSercicesTest, Version=1.0.0.0, Culture=neutral, PublicKeyToken=null" name="GetRootDirectories" />
    </UnitTest>
  </TestDefinitions>
  <TestLists>
    <TestList name="Results Not in a List" id="8c84fa94-04c1-424b-9868-57a2d4851a1d" />
    <TestList name="All Loaded Results" id="19431567-8539-422a-85d7-44ee4e166bda" />
  </TestLists>
  <TestEntries>
    <TestEntry testId="dcdf7aff-19c6-1309-3ca5-1dbb0749a535" executionId="f8c88d97-76d1-4a6e-bb53-442b9ff1d102" testListId="8c84fa94-04c1-424b-9868-57a2d4851a1d" />
  </TestEntries>
  <Results>
    <UnitTestResult executionId="f8c88d97-76d1-4a6e-bb53-442b9ff1d102" testId="dcdf7aff-19c6-1309-3ca5-1dbb0749a535" testName="GetRootDirectories" computerName="MEHUL-PC" duration="00:01:24.9248574" startTime="2011-07-01T18:03:56.3185284+01:00" endTime="2011-07-01T18:05:21.2433858+01:00" testType="13cdc9d9-ddb5-4fa4-a97d-d965ccfc6d4b" outcome="Aborted" testListId="8c84fa94-04c1-424b-9868-57a2d4851a1d" relativeResultsDirectory="f8c88d97-76d1-4a6e-bb53-442b9ff1d102">
    </UnitTestResult>
  </Results>
</TestRun>